<?xml version="1.0" encoding="UTF-8"?>
<!-- Generated by org.testng.reporters.JUnitXMLReporter -->
<testsuite ignored="3" hostname="DESKTOP-88LF8IH" failures="0" tests="1" name="Default test" time="11.519" errors="0" timestamp="2024-11-17T12:21:52 IST">
  <testcase classname="com.toutorialsninjaProj.qa.testcases.Login" name="loginwithInvalidlogin" time="0.704"/>
  <testcase classname="com.toutorialsninjaProj.qa.testcases.Login" name="loginwithoutEnteringEmailandPSW" time="0.0">
    <ignored/>
  </testcase> <!-- loginwithoutEnteringEmailandPSW -->
  <testcase classname="com.toutorialsninjaProj.qa.testcases.Login" name="loginwithInvalidEmailandValidPSW" time="0.0">
    <ignored/>
  </testcase> <!-- loginwithInvalidEmailandValidPSW -->
  <testcase classname="com.toutorialsninjaProj.qa.testcases.Login" name="loginwithvalidEmailandInvalidpsw" time="0.0">
    <ignored/>
  </testcase> <!-- loginwithvalidEmailandInvalidpsw -->
</testsuite> <!-- Default test -->
