<?xml version="1.0" encoding="UTF-8"?>
<testng-results ignored="0" total="11" passed="9" failed="1" skipped="1">
  <reporter-output>
  </reporter-output>
  <suite started-at="2024-11-17T14:35:53 IST" name="toutorialsninja Automation suite" finished-at="2024-11-17T14:36:42 IST" duration-ms="48216">
    <groups>
    </groups>
    <test started-at="2024-11-17T14:35:53 IST" name="toutorialsninja Tests" finished-at="2024-11-17T14:36:42 IST" duration-ms="48216">
      <class name="com.toutorialsninjaProj.qa.testcases.Search">
        <test-method is-config="true" signature="setup()[pri:0, instance:com.toutorialsninjaProj.qa.testcases.Search@710c2b53]" started-at="2024-11-17T14:36:26 IST" name="setup" finished-at="2024-11-17T14:36:28 IST" duration-ms="1941" status="PASS">
          <reporter-output>
          </reporter-output>
        </test-method> <!-- setup -->
        <test-method signature="Verifysearchwithexistingproducts()[pri:1, instance:com.toutorialsninjaProj.qa.testcases.Search@710c2b53]" started-at="2024-11-17T14:36:28 IST" name="Verifysearchwithexistingproducts" finished-at="2024-11-17T14:36:38 IST" duration-ms="10338" status="FAIL">
          <exception class="org.openqa.selenium.NoSuchElementException">
            <message>
              <![CDATA[no such element: Unable to locate element: {"method":"link text","selector":"HP LP3065"}
  (Session info: chrome=130.0.6723.117)
For documentation on this error, please visit: https://www.selenium.dev/documentation/webdriver/troubleshooting/errors#no-such-element-exception
Build info: version: '4.19.1', revision: 'abe0ee07dc'
System info: os.name: 'Windows 10', os.arch: 'amd64', os.version: '10.0', java.version: '17.0.10'
Driver info: org.openqa.selenium.chrome.ChromeDriver
Command: [b2230f56f8f77b49145f92542a06e370, findElement {using=link text, value=HP LP3065}]
Capabilities {acceptInsecureCerts: false, browserName: chrome, browserVersion: 130.0.6723.117, chrome: {chromedriverVersion: 130.0.6723.116 (6ac35f94ae3..., userDataDir: C:\Users\SHADOW~1\AppData\L...}, fedcm:accounts: true, goog:chromeOptions: {debuggerAddress: localhost:52561}, networkConnectionEnabled: false, pageLoadStrategy: normal, platformName: windows, proxy: Proxy(), se:cdp: ws://localhost:52561/devtoo..., se:cdpVersion: 130.0.6723.117, setWindowRect: true, strictFileInteractability: false, timeouts: {implicit: 0, pageLoad: 300000, script: 30000}, unhandledPromptBehavior: dismiss and notify, webauthn:extension:credBlob: true, webauthn:extension:largeBlob: true, webauthn:extension:minPinLength: true, webauthn:extension:prf: true, webauthn:virtualAuthenticators: true}
Session ID: b2230f56f8f77b49145f92542a06e370]]>
            </message>
            <full-stacktrace>
              <![CDATA[org.openqa.selenium.NoSuchElementException: no such element: Unable to locate element: {"method":"link text","selector":"HP LP3065"}
  (Session info: chrome=130.0.6723.117)
For documentation on this error, please visit: https://www.selenium.dev/documentation/webdriver/troubleshooting/errors#no-such-element-exception
Build info: version: '4.19.1', revision: 'abe0ee07dc'
System info: os.name: 'Windows 10', os.arch: 'amd64', os.version: '10.0', java.version: '17.0.10'
Driver info: org.openqa.selenium.chrome.ChromeDriver
Command: [b2230f56f8f77b49145f92542a06e370, findElement {using=link text, value=HP LP3065}]
Capabilities {acceptInsecureCerts: false, browserName: chrome, browserVersion: 130.0.6723.117, chrome: {chromedriverVersion: 130.0.6723.116 (6ac35f94ae3..., userDataDir: C:\Users\SHADOW~1\AppData\L...}, fedcm:accounts: true, goog:chromeOptions: {debuggerAddress: localhost:52561}, networkConnectionEnabled: false, pageLoadStrategy: normal, platformName: windows, proxy: Proxy(), se:cdp: ws://localhost:52561/devtoo..., se:cdpVersion: 130.0.6723.117, setWindowRect: true, strictFileInteractability: false, timeouts: {implicit: 0, pageLoad: 300000, script: 30000}, unhandledPromptBehavior: dismiss and notify, webauthn:extension:credBlob: true, webauthn:extension:largeBlob: true, webauthn:extension:minPinLength: true, webauthn:extension:prf: true, webauthn:virtualAuthenticators: true}
Session ID: b2230f56f8f77b49145f92542a06e370
at java.base/jdk.internal.reflect.NativeConstructorAccessorImpl.newInstance0(Native Method)
at java.base/jdk.internal.reflect.NativeConstructorAccessorImpl.newInstance(NativeConstructorAccessorImpl.java:77)
at java.base/jdk.internal.reflect.DelegatingConstructorAccessorImpl.newInstance(DelegatingConstructorAccessorImpl.java:45)
at java.base/java.lang.reflect.Constructor.newInstanceWithCaller(Constructor.java:499)
at java.base/java.lang.reflect.Constructor.newInstance(Constructor.java:480)
at org.openqa.selenium.remote.ErrorCodec.decode(ErrorCodec.java:167)
at org.openqa.selenium.remote.codec.w3c.W3CHttpResponseCodec.decode(W3CHttpResponseCodec.java:138)
at org.openqa.selenium.remote.codec.w3c.W3CHttpResponseCodec.decode(W3CHttpResponseCodec.java:50)
at org.openqa.selenium.remote.HttpCommandExecutor.execute(HttpCommandExecutor.java:190)
at org.openqa.selenium.remote.service.DriverCommandExecutor.invokeExecute(DriverCommandExecutor.java:216)
at org.openqa.selenium.remote.service.DriverCommandExecutor.execute(DriverCommandExecutor.java:174)
at org.openqa.selenium.remote.RemoteWebDriver.execute(RemoteWebDriver.java:518)
at org.openqa.selenium.remote.ElementLocation$ElementFinder$2.findElement(ElementLocation.java:165)
at org.openqa.selenium.remote.ElementLocation.findElement(ElementLocation.java:59)
at org.openqa.selenium.remote.RemoteWebDriver.findElement(RemoteWebDriver.java:355)
at org.openqa.selenium.remote.RemoteWebDriver.findElement(RemoteWebDriver.java:349)
at com.toutorialsninjaProj.qa.testcases.Search.Verifysearchwithexistingproducts(Search.java:50)
at java.base/jdk.internal.reflect.NativeMethodAccessorImpl.invoke0(Native Method)
at java.base/jdk.internal.reflect.NativeMethodAccessorImpl.invoke(NativeMethodAccessorImpl.java:77)
at java.base/jdk.internal.reflect.DelegatingMethodAccessorImpl.invoke(DelegatingMethodAccessorImpl.java:43)
at java.base/java.lang.reflect.Method.invoke(Method.java:568)
at org.testng.internal.invokers.MethodInvocationHelper.invokeMethod(MethodInvocationHelper.java:141)
at org.testng.internal.invokers.TestInvoker.invokeMethod(TestInvoker.java:686)
at org.testng.internal.invokers.TestInvoker.invokeTestMethod(TestInvoker.java:230)
at org.testng.internal.invokers.MethodRunner.runInSequence(MethodRunner.java:63)
at org.testng.internal.invokers.TestInvoker$MethodInvocationAgent.invoke(TestInvoker.java:992)
at org.testng.internal.invokers.TestInvoker.invokeTestMethods(TestInvoker.java:203)
at org.testng.internal.invokers.TestMethodWorker.invokeTestMethods(TestMethodWorker.java:154)
at org.testng.internal.invokers.TestMethodWorker.run(TestMethodWorker.java:134)
at java.base/java.util.ArrayList.forEach(ArrayList.java:1511)
at org.testng.TestRunner.privateRun(TestRunner.java:739)
at org.testng.TestRunner.run(TestRunner.java:614)
at org.testng.SuiteRunner.runTest(SuiteRunner.java:421)
at org.testng.SuiteRunner.runSequentially(SuiteRunner.java:413)
at org.testng.SuiteRunner.privateRun(SuiteRunner.java:373)
at org.testng.SuiteRunner.run(SuiteRunner.java:312)
at org.testng.SuiteRunnerWorker.runSuite(SuiteRunnerWorker.java:52)
at org.testng.SuiteRunnerWorker.run(SuiteRunnerWorker.java:95)
at org.testng.TestNG.runSuitesSequentially(TestNG.java:1274)
at org.testng.TestNG.runSuitesLocally(TestNG.java:1208)
at org.testng.TestNG.runSuites(TestNG.java:1112)
at org.testng.TestNG.run(TestNG.java:1079)
at org.testng.remote.AbstractRemoteTestNG.run(AbstractRemoteTestNG.java:115)
at org.testng.remote.RemoteTestNG.initAndRun(RemoteTestNG.java:293)
at org.testng.remote.RemoteTestNG.main(RemoteTestNG.java:91)
]]>
            </full-stacktrace>
          </exception> <!-- org.openqa.selenium.NoSuchElementException -->
          <reporter-output>
          </reporter-output>
        </test-method> <!-- Verifysearchwithexistingproducts -->
        <test-method is-config="true" signature="teardown()[pri:0, instance:com.toutorialsninjaProj.qa.testcases.Search@710c2b53]" started-at="2024-11-17T14:36:38 IST" name="teardown" finished-at="2024-11-17T14:36:39 IST" duration-ms="203" status="PASS">
          <reporter-output>
          </reporter-output>
        </test-method> <!-- teardown -->
        <test-method is-config="true" signature="setup()[pri:0, instance:com.toutorialsninjaProj.qa.testcases.Search@710c2b53]" started-at="2024-11-17T14:36:39 IST" name="setup" finished-at="2024-11-17T14:36:41 IST" duration-ms="2376" status="PASS">
          <reporter-output>
          </reporter-output>
        </test-method> <!-- setup -->
        <test-method signature="Verifysearchwithnonexistingproducts()[pri:2, instance:com.toutorialsninjaProj.qa.testcases.Search@710c2b53]" started-at="2024-11-17T14:36:41 IST" name="Verifysearchwithnonexistingproducts" finished-at="2024-11-17T14:36:41 IST" duration-ms="399" status="PASS">
          <reporter-output>
          </reporter-output>
        </test-method> <!-- Verifysearchwithnonexistingproducts -->
        <test-method is-config="true" signature="teardown()[pri:0, instance:com.toutorialsninjaProj.qa.testcases.Search@710c2b53]" started-at="2024-11-17T14:36:41 IST" name="teardown" finished-at="2024-11-17T14:36:42 IST" duration-ms="151" status="PASS">
          <reporter-output>
          </reporter-output>
        </test-method> <!-- teardown -->
        <test-method signature="Verifysearchwithoutenteringanyproduct()[pri:3, instance:com.toutorialsninjaProj.qa.testcases.Search@710c2b53]" started-at="2024-11-17T14:36:42 IST" name="Verifysearchwithoutenteringanyproduct" finished-at="2024-11-17T14:36:42 IST" depends-on-methods="com.toutorialsninjaProj.qa.testcases.Search.Verifysearchwithnonexistingproducts, com.toutorialsninjaProj.qa.testcases.Search.Verifysearchwithexistingproducts" duration-ms="0" status="SKIP">
          <exception class="java.lang.Throwable">
            <message>
              <![CDATA[Method com.toutorialsninjaProj.qa.testcases.Search.Verifysearchwithoutenteringanyproduct() on instance com.toutorialsninjaProj.qa.testcases.Search@710c2b53 depends on not successfully finished methods 
[com.toutorialsninjaProj.qa.testcases.Search.Verifysearchwithnonexistingproducts() on instance com.toutorialsninjaProj.qa.testcases.Search@710c2b53
com.toutorialsninjaProj.qa.testcases.Search.Verifysearchwithexistingproducts() on instance com.toutorialsninjaProj.qa.testcases.Search@710c2b53]]]>
            </message>
            <full-stacktrace>
              <![CDATA[java.lang.Throwable: Method com.toutorialsninjaProj.qa.testcases.Search.Verifysearchwithoutenteringanyproduct() on instance com.toutorialsninjaProj.qa.testcases.Search@710c2b53 depends on not successfully finished methods 
[com.toutorialsninjaProj.qa.testcases.Search.Verifysearchwithnonexistingproducts() on instance com.toutorialsninjaProj.qa.testcases.Search@710c2b53
com.toutorialsninjaProj.qa.testcases.Search.Verifysearchwithexistingproducts() on instance com.toutorialsninjaProj.qa.testcases.Search@710c2b53]
at org.testng.internal.invokers.TestInvoker.invokeTestMethods(TestInvoker.java:159)
at org.testng.internal.invokers.TestMethodWorker.invokeTestMethods(TestMethodWorker.java:154)
at org.testng.internal.invokers.TestMethodWorker.run(TestMethodWorker.java:134)
at java.base/java.util.ArrayList.forEach(ArrayList.java:1511)
at org.testng.TestRunner.privateRun(TestRunner.java:739)
at org.testng.TestRunner.run(TestRunner.java:614)
at org.testng.SuiteRunner.runTest(SuiteRunner.java:421)
at org.testng.SuiteRunner.runSequentially(SuiteRunner.java:413)
at org.testng.SuiteRunner.privateRun(SuiteRunner.java:373)
at org.testng.SuiteRunner.run(SuiteRunner.java:312)
at org.testng.SuiteRunnerWorker.runSuite(SuiteRunnerWorker.java:52)
at org.testng.SuiteRunnerWorker.run(SuiteRunnerWorker.java:95)
at org.testng.TestNG.runSuitesSequentially(TestNG.java:1274)
at org.testng.TestNG.runSuitesLocally(TestNG.java:1208)
at org.testng.TestNG.runSuites(TestNG.java:1112)
at org.testng.TestNG.run(TestNG.java:1079)
at org.testng.remote.AbstractRemoteTestNG.run(AbstractRemoteTestNG.java:115)
at org.testng.remote.RemoteTestNG.initAndRun(RemoteTestNG.java:293)
at org.testng.remote.RemoteTestNG.main(RemoteTestNG.java:91)
]]>
            </full-stacktrace>
          </exception> <!-- java.lang.Throwable -->
          <reporter-output>
          </reporter-output>
        </test-method> <!-- Verifysearchwithoutenteringanyproduct -->
      </class> <!-- com.toutorialsninjaProj.qa.testcases.Search -->
      <class name="com.toutorialsninjaProj.qa.testcases.Register">
        <test-method is-config="true" signature="setup()[pri:0, instance:com.toutorialsninjaProj.qa.testcases.Register@202b0582]" started-at="2024-11-17T14:35:53 IST" name="setup" finished-at="2024-11-17T14:35:58 IST" duration-ms="4763" status="PASS">
          <reporter-output>
          </reporter-output>
        </test-method> <!-- setup -->
        <test-method signature="verifyregisteraccountwithmandatoryfields()[pri:1, instance:com.toutorialsninjaProj.qa.testcases.Register@202b0582]" started-at="2024-11-17T14:35:58 IST" name="verifyregisteraccountwithmandatoryfields" finished-at="2024-11-17T14:36:00 IST" duration-ms="1491" status="PASS">
          <reporter-output>
          </reporter-output>
        </test-method> <!-- verifyregisteraccountwithmandatoryfields -->
        <test-method is-config="true" signature="tearDown()[pri:0, instance:com.toutorialsninjaProj.qa.testcases.Register@202b0582]" started-at="2024-11-17T14:36:00 IST" name="tearDown" finished-at="2024-11-17T14:36:00 IST" duration-ms="228" status="PASS">
          <reporter-output>
          </reporter-output>
        </test-method> <!-- tearDown -->
        <test-method is-config="true" signature="setup()[pri:0, instance:com.toutorialsninjaProj.qa.testcases.Register@202b0582]" started-at="2024-11-17T14:36:00 IST" name="setup" finished-at="2024-11-17T14:36:02 IST" duration-ms="2523" status="PASS">
          <reporter-output>
          </reporter-output>
        </test-method> <!-- setup -->
        <test-method signature="verifyregisteraccountwithallfields()[pri:2, instance:com.toutorialsninjaProj.qa.testcases.Register@202b0582]" started-at="2024-11-17T14:36:02 IST" name="verifyregisteraccountwithallfields" finished-at="2024-11-17T14:36:04 IST" duration-ms="1156" status="PASS">
          <reporter-output>
          </reporter-output>
        </test-method> <!-- verifyregisteraccountwithallfields -->
        <test-method is-config="true" signature="tearDown()[pri:0, instance:com.toutorialsninjaProj.qa.testcases.Register@202b0582]" started-at="2024-11-17T14:36:04 IST" name="tearDown" finished-at="2024-11-17T14:36:04 IST" duration-ms="170" status="PASS">
          <reporter-output>
          </reporter-output>
        </test-method> <!-- tearDown -->
        <test-method is-config="true" signature="setup()[pri:0, instance:com.toutorialsninjaProj.qa.testcases.Register@202b0582]" started-at="2024-11-17T14:36:04 IST" name="setup" finished-at="2024-11-17T14:36:07 IST" duration-ms="3071" status="PASS">
          <reporter-output>
          </reporter-output>
        </test-method> <!-- setup -->
        <test-method signature="verifyRegisteringAccountwithExistingEmailid()[pri:3, instance:com.toutorialsninjaProj.qa.testcases.Register@202b0582]" started-at="2024-11-17T14:36:07 IST" name="verifyRegisteringAccountwithExistingEmailid" finished-at="2024-11-17T14:36:08 IST" duration-ms="963" status="PASS">
          <reporter-output>
          </reporter-output>
        </test-method> <!-- verifyRegisteringAccountwithExistingEmailid -->
        <test-method is-config="true" signature="tearDown()[pri:0, instance:com.toutorialsninjaProj.qa.testcases.Register@202b0582]" started-at="2024-11-17T14:36:08 IST" name="tearDown" finished-at="2024-11-17T14:36:08 IST" duration-ms="175" status="PASS">
          <reporter-output>
          </reporter-output>
        </test-method> <!-- tearDown -->
        <test-method is-config="true" signature="setup()[pri:0, instance:com.toutorialsninjaProj.qa.testcases.Register@202b0582]" started-at="2024-11-17T14:36:08 IST" name="setup" finished-at="2024-11-17T14:36:11 IST" duration-ms="2655" status="PASS">
          <reporter-output>
          </reporter-output>
        </test-method> <!-- setup -->
        <test-method signature="Verifyregisteringaccountwithoutfillingmanddetails()[pri:4, instance:com.toutorialsninjaProj.qa.testcases.Register@202b0582]" started-at="2024-11-17T14:36:11 IST" name="Verifyregisteringaccountwithoutfillingmanddetails" finished-at="2024-11-17T14:36:11 IST" duration-ms="396" status="PASS">
          <reporter-output>
          </reporter-output>
        </test-method> <!-- Verifyregisteringaccountwithoutfillingmanddetails -->
        <test-method is-config="true" signature="tearDown()[pri:0, instance:com.toutorialsninjaProj.qa.testcases.Register@202b0582]" started-at="2024-11-17T14:36:11 IST" name="tearDown" finished-at="2024-11-17T14:36:11 IST" duration-ms="156" status="PASS">
          <reporter-output>
          </reporter-output>
        </test-method> <!-- tearDown -->
      </class> <!-- com.toutorialsninjaProj.qa.testcases.Register -->
      <class name="com.toutorialsninjaProj.qa.testcases.Login">
        <test-method is-config="true" signature="setup()[pri:0, instance:com.toutorialsninjaProj.qa.testcases.Login@402c4085]" started-at="2024-11-17T14:36:11 IST" name="setup" finished-at="2024-11-17T14:36:15 IST" duration-ms="3711" status="PASS">
          <reporter-output>
          </reporter-output>
        </test-method> <!-- setup -->
        <test-method signature="loginwithInvalidlogin()[pri:2, instance:com.toutorialsninjaProj.qa.testcases.Login@402c4085]" started-at="2024-11-17T14:36:15 IST" name="loginwithInvalidlogin" finished-at="2024-11-17T14:36:16 IST" duration-ms="640" status="PASS">
          <reporter-output>
          </reporter-output>
        </test-method> <!-- loginwithInvalidlogin -->
        <test-method is-config="true" signature="teardown()[pri:0, instance:com.toutorialsninjaProj.qa.testcases.Login@402c4085]" started-at="2024-11-17T14:36:16 IST" name="teardown" finished-at="2024-11-17T14:36:16 IST" duration-ms="175" status="PASS">
          <reporter-output>
          </reporter-output>
        </test-method> <!-- teardown -->
        <test-method is-config="true" signature="setup()[pri:0, instance:com.toutorialsninjaProj.qa.testcases.Login@402c4085]" started-at="2024-11-17T14:36:16 IST" name="setup" finished-at="2024-11-17T14:36:18 IST" duration-ms="2409" status="PASS">
          <reporter-output>
          </reporter-output>
        </test-method> <!-- setup -->
        <test-method signature="loginwithvalidEmailandInvalidpsw()[pri:3, instance:com.toutorialsninjaProj.qa.testcases.Login@402c4085]" started-at="2024-11-17T14:36:18 IST" name="loginwithvalidEmailandInvalidpsw" finished-at="2024-11-17T14:36:19 IST" duration-ms="752" status="PASS">
          <reporter-output>
          </reporter-output>
        </test-method> <!-- loginwithvalidEmailandInvalidpsw -->
        <test-method is-config="true" signature="teardown()[pri:0, instance:com.toutorialsninjaProj.qa.testcases.Login@402c4085]" started-at="2024-11-17T14:36:19 IST" name="teardown" finished-at="2024-11-17T14:36:19 IST" duration-ms="212" status="PASS">
          <reporter-output>
          </reporter-output>
        </test-method> <!-- teardown -->
        <test-method is-config="true" signature="setup()[pri:0, instance:com.toutorialsninjaProj.qa.testcases.Login@402c4085]" started-at="2024-11-17T14:36:19 IST" name="setup" finished-at="2024-11-17T14:36:22 IST" duration-ms="2380" status="PASS">
          <reporter-output>
          </reporter-output>
        </test-method> <!-- setup -->
        <test-method signature="loginwithInvalidEmailandValidPSW()[pri:4, instance:com.toutorialsninjaProj.qa.testcases.Login@402c4085]" started-at="2024-11-17T14:36:22 IST" name="loginwithInvalidEmailandValidPSW" finished-at="2024-11-17T14:36:22 IST" duration-ms="655" status="PASS">
          <reporter-output>
          </reporter-output>
        </test-method> <!-- loginwithInvalidEmailandValidPSW -->
        <test-method is-config="true" signature="teardown()[pri:0, instance:com.toutorialsninjaProj.qa.testcases.Login@402c4085]" started-at="2024-11-17T14:36:22 IST" name="teardown" finished-at="2024-11-17T14:36:22 IST" duration-ms="162" status="PASS">
          <reporter-output>
          </reporter-output>
        </test-method> <!-- teardown -->
        <test-method is-config="true" signature="setup()[pri:0, instance:com.toutorialsninjaProj.qa.testcases.Login@402c4085]" started-at="2024-11-17T14:36:22 IST" name="setup" finished-at="2024-11-17T14:36:25 IST" duration-ms="2964" status="PASS">
          <reporter-output>
          </reporter-output>
        </test-method> <!-- setup -->
        <test-method signature="loginwithoutEnteringEmailandPSW()[pri:5, instance:com.toutorialsninjaProj.qa.testcases.Login@402c4085]" started-at="2024-11-17T14:36:25 IST" name="loginwithoutEnteringEmailandPSW" finished-at="2024-11-17T14:36:26 IST" duration-ms="584" status="PASS">
          <reporter-output>
          </reporter-output>
        </test-method> <!-- loginwithoutEnteringEmailandPSW -->
        <test-method is-config="true" signature="teardown()[pri:0, instance:com.toutorialsninjaProj.qa.testcases.Login@402c4085]" started-at="2024-11-17T14:36:26 IST" name="teardown" finished-at="2024-11-17T14:36:26 IST" duration-ms="188" status="PASS">
          <reporter-output>
          </reporter-output>
        </test-method> <!-- teardown -->
      </class> <!-- com.toutorialsninjaProj.qa.testcases.Login -->
    </test> <!-- toutorialsninja Tests -->
  </suite> <!-- toutorialsninja Automation suite -->
</testng-results>
